c:\users\yejin\desktop\t02-02-model-vs2022\framework\debug\vc143.pdb
c:\users\yejin\desktop\t02-02-model-vs2022\framework\debug\vc143.idb
c:\users\yejin\desktop\t02-02-model-vs2022\framework\debug\systemclass.obj
c:\users\yejin\desktop\t02-02-model-vs2022\framework\debug\modelclass.obj
c:\users\yejin\desktop\t02-02-model-vs2022\framework\debug\main.obj
c:\users\yejin\desktop\t02-02-model-vs2022\framework\debug\inputclass.obj
c:\users\yejin\desktop\t02-02-model-vs2022\framework\debug\graphicsclass.obj
c:\users\yejin\desktop\t02-02-model-vs2022\framework\debug\d3dclass.obj
c:\users\yejin\desktop\t02-02-model-vs2022\framework\debug\colorshaderclass.obj
c:\users\yejin\desktop\t02-02-model-vs2022\framework\debug\cameraclass.obj
c:\users\yejin\desktop\t02-02-model-vs2022\debug\framework.exe
c:\users\yejin\desktop\t02-02-model-vs2022\debug\framework.pdb
c:\users\yejin\desktop\t02-02-model-vs2022\framework\debug\framework.ilk
c:\users\yejin\desktop\t02-02-model-vs2022\framework\debug\framework.tlog\cl.command.1.tlog
c:\users\yejin\desktop\t02-02-model-vs2022\framework\debug\framework.tlog\cl.items.tlog
c:\users\yejin\desktop\t02-02-model-vs2022\framework\debug\framework.tlog\cl.read.1.tlog
c:\users\yejin\desktop\t02-02-model-vs2022\framework\debug\framework.tlog\cl.write.1.tlog
c:\users\yejin\desktop\t02-02-model-vs2022\framework\debug\framework.tlog\link.command.1.tlog
c:\users\yejin\desktop\t02-02-model-vs2022\framework\debug\framework.tlog\link.read.1.tlog
c:\users\yejin\desktop\t02-02-model-vs2022\framework\debug\framework.tlog\link.secondary.1.tlog
c:\users\yejin\desktop\t02-02-model-vs2022\framework\debug\framework.tlog\link.write.1.tlog
